[debug] [2018-07-30T16:32:41.832Z] ----------------------------------------------------------------------
[debug] [2018-07-30T16:32:41.845Z] Command:       C:\Program Files\nodejs\node.exe C:\Users\Rav\AppData\Roaming\npm\node_modules\firebase-tools\bin\firebase deploy
[debug] [2018-07-30T16:32:41.845Z] CLI Version:   4.0.0
[debug] [2018-07-30T16:32:41.845Z] Platform:      win32
[debug] [2018-07-30T16:32:41.845Z] Node Version:  v8.11.1
[debug] [2018-07-30T16:32:41.852Z] Time:          Mon Jul 30 2018 12:32:41 GMT-0400 (Hora est. Sudamérica Pacífico)
[debug] [2018-07-30T16:32:41.852Z] ----------------------------------------------------------------------
[debug] 
[debug] [2018-07-30T16:32:41.944Z] > command requires scopes: ["email","openid","https://www.googleapis.com/auth/cloudplatformprojects.readonly","https://www.googleapis.com/auth/firebase","https://www.googleapis.com/auth/cloud-platform"]
[debug] [2018-07-30T16:32:41.944Z] > authorizing via signed-in user
[debug] [2018-07-30T16:32:41.946Z] >>> HTTP REQUEST GET https://admin.firebase.com/v1/projects/registro-visitantes  
  
 Mon Jul 30 2018 12:32:41 GMT-0400 (Hora est. Sudamérica Pacífico)
[debug] [2018-07-30T16:32:43.339Z] <<< HTTP RESPONSE 200
[debug] [2018-07-30T16:32:43.340Z] >>> HTTP REQUEST GET https://admin.firebase.com/v1/database/registro-visitantes/tokens  
  
 Mon Jul 30 2018 12:32:43 GMT-0400 (Hora est. Sudamérica Pacífico)
[debug] [2018-07-30T16:32:44.015Z] <<< HTTP RESPONSE 200
[info] 
[info] === Deploying to 'registro-visitantes'...
[info] 
[info] i  deploying database, storage, firestore, functions, hosting
[info] Running command: npm --prefix "$RESOURCE_DIR" run lint
